INFO:root:User started program
INFO:root:Users input 7
INFO:root:Users input 5
INFO:root:Users input 3
INFO:root:Users input 4
INFO:root:Users entered figure: 4
INFO:root:Program printed to user.
INFO:root:Program printed to user.
INFO:root:Programm ended
INFO:root:User started program
INFO:root:Users input 5
INFO:root:Users input 5
INFO:root:Users input 4
INFO:root:Users input 4
INFO:root:Users entered figure: 2
INFO:root:Program printed to user.
INFO:root:Program printed to user.
INFO:root:Program printed to user.
INFO:root:Programm ended
INFO:root:User started program
INFO:root:User started program
